<?xml version="1.0" encoding="UTF-8"?>
<!-- Generated by org.testng.reporters.JUnitXMLReporter -->
<testsuite ignored="0" hostname="GLE-GFCLKG3" failures="1" tests="2" name="TestLogin" time="7.904" errors="0" timestamp="2022-06-01T17:11:24 BST">
  <testcase classname="academy.LoginTest" name="LoginNavigation" time="1.586"/>
  <testcase classname="academy.LoginTest" name="LoginNavigation" time="1.596">
    <failure type="java.lang.NullPointerException" message="Cannot invoke &amp;quot;com.aventstack.extentreports.ExtentTest.log(com.aventstack.extentreports.Status, String)&amp;quot; because &amp;quot;this.test&amp;quot; is null">
      <![CDATA[java.lang.NullPointerException: Cannot invoke "com.aventstack.extentreports.ExtentTest.log(com.aventstack.extentreports.Status, String)" because "this.test" is null
at academy.Listeners.onTestSuccess(Listeners.java:29)
at java.base/java.util.ArrayList.forEach(ArrayList.java:1511)
... Removed 24 stack frames]]>
    </failure>
  </testcase> <!-- LoginNavigation -->
</testsuite> <!-- TestLogin -->
