<?xml version="1.0" encoding="UTF-8"?>
<testng-results ignored="0" total="1" passed="1" failed="0" skipped="0">
  <reporter-output>
  </reporter-output>
  <suite started-at="2022-06-01T23:26:58 BST" name="Default suite" finished-at="2022-06-01T23:27:03 BST" duration-ms="5031">
    <groups>
    </groups>
    <test started-at="2022-06-01T23:26:58 BST" name="Default test" finished-at="2022-06-01T23:27:03 BST" duration-ms="5031">
      <class name="academy.AssertCleverbuttonTest">
        <test-method is-config="true" signature="initialize()[pri:0, instance:academy.AssertCleverbuttonTest@45905bff]" started-at="2022-06-01T23:26:58 BST" name="initialize" finished-at="2022-06-01T23:27:01 BST" duration-ms="2709" status="PASS">
          <reporter-output>
          </reporter-output>
        </test-method> <!-- initialize -->
        <test-method signature="VerifyLoginWithClever()[pri:0, instance:academy.AssertCleverbuttonTest@45905bff]" started-at="2022-06-01T23:27:01 BST" name="VerifyLoginWithClever" finished-at="2022-06-01T23:27:03 BST" duration-ms="2293" status="PASS">
          <reporter-output>
          </reporter-output>
        </test-method> <!-- VerifyLoginWithClever -->
      </class> <!-- academy.AssertCleverbuttonTest -->
    </test> <!-- Default test -->
  </suite> <!-- Default suite -->
</testng-results>
